make all --print-data-base --no-builtin-variables --no-builtin-rules --question
# GNU Make 3.81
# Copyright (C) 2006  Free Software Foundation, Inc.
# This is free software; see the source for copying conditions.
# There is NO warranty; not even for MERCHANTABILITY or FITNESS FOR A
# PARTICULAR PURPOSE.

# This program built for i386-apple-darwin11.3.0
 
make: *** No rule to make target `all'.  Stop.


# Make data base, printed on Tue May 24 14:49:43 2022

# Variables

# automatic
<D = $(patsubst %/,%,$(dir $<))
# automatic
 
?F = $(notdir $?)
# environment
ELECTRON_NO_ATTACH_CONSOLE = 1
# environment
VSCODE_LOG_NATIVE = false
# makefile (from `makefile', line 2)
TARGET = test-code
# automatic
?D = $(patsubst %/,%,$(dir $?))
# makefile (from `makefile', line 6)
CPPFLAGS = -Wall -I.
# makefile (from `makefile', line 13)
INCLUDES := 
# automatic
@D = $(patsubst %/,%,$(dir $@))
# automatic
@F = $(notdir $@)
# makefile
CURDIR := /Users/vtn2/classes/cs112/cs112-assignment-repos/cs112-classes-lab
# makefile
SHELL = /bin/sh
# environment
VSCODE_NLS_CONFIG = {"locale":"en-us","availableLanguages":{},"_languagePackSupport":true}
# environment
_ = /usr/bin/make
# makefile (from `makefile', line 15)
rm = rm -f
# makefile (from `makefile', line 1)
MAKEFILE_LIST :=  makefile
# makefile (from `makefile', line 12)
SOURCES := tests.cpp
# environment
VSCODE_VERBOSE_LOGGING = true
# environment
__CFBundleIdentifier = com.microsoft.VSCode
# environment
VSCODE_IPC_HOOK_EXTHOST = /var/folders/ch/nj5y0njj26v5ypchc30_5jv40000gp/T/vscode-ipc-b42cfacb-3b79-46d2-bf65-52fb3b09961e.sock
# makefile (from `makefile', line 4)
CPP = g++ --std=c++11 -c
# environment
VSCODE_CWD = /Users/vtn2/classes/cs112/cs112-assignment-repos/cs112-classes-lab
# environment
PATH = /Users/vtn2/bin:/usr/local/bin:/Library/Frameworks/Python.framework/Versions/3.10/bin:/usr/local/bin:/usr/bin:/bin:/usr/sbin:/sbin:/opt/X11/bin:/Library/Apple/usr/bin:/Applications/Wireshark.app/Contents/MacOS:/Users/vtn2/Library/Android/sdk/tools/bin:/Users/vtn2/Library/Android/sdk/platform-tools:/Users/vtn2/Library/Android/sdk/emulator
# environment
LSCOLORS = Gxfxcxdxbxegedabagacad
# environment
NODE_ENV = development
# environment
LaunchInstanceID = 798D7EF4-8867-44FE-BDD1-14B06F782D7B
# environment
VSCODE_LOG_STACK = false
# environment
ELECTRON_RUN_AS_NODE = 1
# environment
ANDROID_HOME = /Users/vtn2/Library/Android/sdk
# default
.FEATURES := target-specific order-only second-expansion else-if archives jobserver check-symlink
# environment
SSH_AUTH_SOCK = /private/tmp/com.apple.launchd.KDobnwQiN7/Listeners
# environment
JDK_HOME = /Library/Java/JavaVirtualMachines/jdk-12.0.2.jdk/Contents/Home
# automatic
%F = $(notdir $%)
# environment
DISPLAY = /private/tmp/com.apple.launchd.de7jUyK6tF/org.xquartz:0
# environment
VSCODE_PIPE_LOGGING = true
# environment
PWD = /Users/vtn2/classes/cs112/cs112-assignment-repos/cs112-classes-lab
# environment
ORIGINAL_XDG_CURRENT_DESKTOP = undefined
# environment
 
VSCODE_AMD_ENTRYPOINT = vs/workbench/api/node/extensionHostProcess
# environment
HOME = /Users/vtn2
# default
MAKEFILEPATH := /Applications/Xcode.app/Contents/Developer/Makefiles
# environment
VSCODE_CLI = 1
# environment
VSCODE_CODE_CACHE_PATH = /Users/vtn2/Library/Application Support/Code/CachedData/c3511e6c69bb39013c4a4b7b9566ec1ca73fc4d5
# environment
LOGNAME = vtn2
# environment
APPLICATION_INSIGHTS_NO_DIAGNOSTIC_CHANNEL = 1
# environment
NVM_CD_FLAGS = -q
# environment
ZSH = /Users/vtn2/.oh-my-zsh
# environment
VSCODE_HANDLES_UNCAUGHT_ERRORS = true
# automatic
^D = $(patsubst %/,%,$(dir $^))
# environment
XPC_FLAGS = 0x0
# environment
COLORTERM = truecolor
# default
MAKE = $(MAKE_COMMAND)
# default
MAKECMDGOALS := all
# environment
SHLVL = 3
# default
MAKE_VERSION := 3.81
# environment
USER = vtn2
# makefile
.DEFAULT_GOAL := test-code
# environment
TERM_SESSION_ID = w0t0p0:42E4005A-94D5-4D02-9303-50004EC4177C
# environment
LESS = -R
# automatic
%D = $(patsubst %/,%,$(dir $%))
# makefile (from `makefile', line 10)
LFLAGS = -Wall
# default
MAKE_COMMAND := /Applications/Xcode.app/Contents/Developer/usr/bin/make
# environment
TERM_PROGRAM = iTerm.app
# default
.VARIABLES := 
# environment
TMPDIR = /var/folders/ch/nj5y0njj26v5ypchc30_5jv40000gp/T/
# automatic
*F = $(notdir $*)
# environment
VSCODE_IPC_HOOK = /Users/vtn2/Library/Application Support/Code/1.67.2-main.sock
# makefile (from `makefile', line 8)
LINKER = g++ -o
# makefile
MAKEFLAGS = Rrqp
# environment
MFLAGS = -Rrqp
# automatic
*D = $(patsubst %/,%,$(dir $*))
# environment
TERM_PROGRAM_VERSION = 3.2.9
# environment
 
NVM_DIR = /Users/vtn2/.nvm
# environment
XPC_SERVICE_NAME = application.com.microsoft.VSCode.102754329.102754335.8ED47DA5-1C7A-4FA5-9B27-4BE2E610D0E8
# automatic
+D = $(patsubst %/,%,$(dir $+))
# automatic
+F = $(notdir $+)
# environment
ITERM_SESSION_ID = w0t0p0:42E4005A-94D5-4D02-9303-50004EC4177C
# environment
COLORFGBG = 15;0
# environment
__CF_USER_TEXT_ENCODING = 0x1F6:0x0:0x0
# environment
COMMAND_MODE = unix2003
# default
MAKEFILES := 
# automatic
<F = $(notdir $<)
# environment
ITERM_PROFILE = blue
# environment
PAGER = less
# environment
ANDROID_SDK_ROOT = /Users/vtn2/Library/Android/sdk
# environment
LC_ALL = C
# environment
SECURITYSESSIONID = 18b5c
# automatic
^F = $(notdir $^)
# default
SUFFIXES := 
# default
.INCLUDE_DIRS = /usr/local/include
# environment
ANDROID_AVD_HOME = /Users/vtn2/.android/avd
# environment
MAKELEVEL := 0
# makefile (from `makefile', line 14)
OBJECTS := tests*.o
# environment
LANG = C
# environment
TERM = xterm-256color
# environment
VSCODE_PID = 98043
# variable set hash-table stats:
# Load=95/1024=9%, Rehash=0, Collisions=2/123=2%

# Pattern-specific Variable Values

# No pattern-specific variable values.

# Directories

# . (device 16777220, inode 105277615): 9 files, no impossibilities.

# 9 files, no impossibilities in 1 directories.

# Implicit Rules

# No implicit rules.

# Files

# Not a target:
all:
#  Command-line target.
#  Implicit rule search has been done.
#  File does not exist.
#  File has not been updated.
# variable set hash-table stats:
# Load=0/32=0%, Rehash=0, Collisions=0/0=0%

# Not a target:
.SUFFIXES:
#  Implicit rule search has not been done.
#  Modification time never checked.
#  File has not been updated.

# Not a target:
makefile:
#  Implicit rule search has been done.
#  Last modified 2022-05-24 14:29:57
#  File has been updated.
#  Successfully updated.
# variable set hash-table stats:
# Load=0/32=0%, Rehash=0, Collisions=0/0=0%

test-code: obj
#  Implicit rule search has not been done.
#  Modification time never checked.
#  File has not been updated.
#  commands to execute (from `makefile', line 18):
	@$(LINKER) $(TARGET) $(LFLAGS) $(OBJECTS)
	@echo "Linking complete!"
	

obj: tests.cpp
#  Implicit rule search has not been done.
#  Modification time never checked.
#  File has not been updated.
#  commands to execute (from `makefile', line 22):
	@$(CPP) $(CPPFLAGS) $(SOURCES)
	@echo "Compilation complete!"
	

# Not a target:
.DEFAULT:
#  Implicit rule search has not been done.
#  Modification time never checked.
#  File has not been updated.

clean:
#  Implicit rule search has not been done.
#  Modification time never checked.
#  File has not been updated.
#  commands to execute (from `makefile', line 26):
	@$(rm) $(TARGET) $(OBJECTS)
	@echo "Cleanup complete!"
	

 
# Not a target:
tests.cpp:
#  Implicit rule search has not been done.
#  Modification time never checked.
#  File has not been updated.

# files hash-table stats:
# Load=8/1024=1%, Rehash=0, Collisions=0/22=0%
# VPATH Search Paths

# No `vpath' search paths.

# No general (`VPATH' variable) search path.

# # of strings in strcache: 1
# # of strcache buffers: 1
# strcache size: total = 4096 / max = 4096 / min = 4096 / avg = 4096
# strcache free: total = 4087 / max = 4087 / min = 4087 / avg = 4087

# Finished Make data base on Tue May 24 14:49:43 2022

 
